[Log] [VLogViewer] – "AUTO-TAIL → line" – 89 – "(scrollTop 0 → 1880)" (VirtualLogViewer.svelte, line 49)
[Log] [VLogViewer] – "AUTO-TAIL → line" – 99 – "(scrollTop 1370 → 2080)" (VirtualLogViewer.svelte, line 49)
[Log] [VLogViewer] – "AUTO-TAIL → line" – 101 – "(scrollTop 1570 → 2120)" (VirtualLogViewer.svelte, line 49)
[Log] [VLogViewer] – "AUTO-TAIL → line" – 102 – "(scrollTop 1610 → 2140)" (VirtualLogViewer.svelte, line 49)
[Log] [VLogViewer] – "AUTO-TAIL → line" – 103 – "(scrollTop 1630 → 2160)" (VirtualLogViewer.svelte, line 49)
[Log] [VLogViewer] – "AUTO-TAIL → line" – 105 – "(scrollTop 1650 → 2200)" (VirtualLogViewer.svelte, line 49)
[Log] [VLogViewer] – "AUTO-TAIL → line" – 107 – "(scrollTop 1690 → 2240)" (VirtualLogViewer.svelte, line 49)
[Log] [VLogViewer] – "AUTO-TAIL → line" – 109 – "(scrollTop 1730 → 2280)" (VirtualLogViewer.svelte, line 49)
[Log] [VLogViewer] – "AUTO-TAIL → line" – 110 – "(scrollTop 1770 → 2300)" (VirtualLogViewer.svelte, line 49)
[Log] [VLogViewer] – "AUTO-TAIL → line" – 111 – "(scrollTop 1790 → 2320)" (VirtualLogViewer.svelte, line 49)
[Log] [VLogViewer] – "AUTO-TAIL → line" – 113 – "(scrollTop 1810 → 2360)" (VirtualLogViewer.svelte, line 49)
[Log] [VLogViewer] – "AUTO-TAIL → line" – 115 – "(scrollTop 1850 → 2400)" (VirtualLogViewer.svelte, line 49)
[Log] [VLogViewer] – "AUTO-TAIL → line" – 117 – "(scrollTop 1890 → 2440)" (VirtualLogViewer.svelte, line 49)
[Log] [VLogViewer] – "AUTO-TAIL → line" – 119 – "(scrollTop 1930 → 2480)" (VirtualLogViewer.svelte, line 49)
[Log] [VLogViewer] – "AUTO-TAIL → line" – 121 – "(scrollTop 1970 → 2520)" (VirtualLogViewer.svelte, line 49)
[Log] [VLogViewer] – "AUTO-TAIL → line" – 123 – "(scrollTop 2010 → 2560)" (VirtualLogViewer.svelte, line 49)
[Log] [VLogViewer] – "onWheel UP — unstick, wheelScrollCount→" – 1 (VirtualLogViewer.svelte, line 49)
[Log] [VLogViewer] – "STICKY OFF" – "(onWheel up)" (VirtualLogViewer.svelte, line 49)
[Log] [VLogViewer] – "onScrollToTop fired (wheel up at top)" (VirtualLogViewer.svelte, line 49)
[Log] [VLogViewer] – "STREAM RESET — clearing" – 139 – "→ 0 lines" (VirtualLogViewer.svelte, line 49)
[Log] [VLogViewer] – "STICKY ON" – "(stream reset)" (VirtualLogViewer.svelte, line 49)
[Log] [VLogViewer] – "onWheel UP — unstick, wheelScrollCount→" – 2 (VirtualLogViewer.svelte, line 49)
[Log] [VLogViewer] – "STICKY OFF" – "(onWheel up)" (VirtualLogViewer.svelte, line 49)
[Log] [VLogViewer] – "onScrollToTop fired (wheel up at top)" (VirtualLogViewer.svelte, line 49)
[Log] [VLogViewer] – "onScrollToTop suppressed (locked until stream reset)" (VirtualLogViewer.svelte, line 49)
[Log] [VLogViewer] – "STREAM RESET — clearing" – 200 – "→ 0 lines" (VirtualLogViewer.svelte, line 49)
[Log] [VLogViewer] – "STICKY ON" – "(stream reset)" (VirtualLogViewer.svelte, line 49)
[Log] [VLogViewer] – "AUTO-TAIL → line" – 241 – "(scrollTop 0 → 5080)" (VirtualLogViewer.svelte, line 49)
[Log] [VLogViewer] – "AUTO-TAIL → line" – 299 – "(scrollTop 4570 → 6280)" (VirtualLogViewer.svelte, line 49)
[Log] [VLogViewer] – "SCROLL TO LINE" – 200 (VirtualLogViewer.svelte, line 49)
[Log] [VLogViewer] – "STICKY OFF" – "(scrollToLine)" (VirtualLogViewer.svelte, line 49)
[Log] [VLogViewer] – "SCROLL TO LINE" – 200 (VirtualLogViewer.svelte, line 49, x30)
